DEB [20240209-22:10:36.585] thr=1   paramiko.transport: starting thread (client mode): 0x96a7610
DEB [20240209-22:10:36.585] thr=1   paramiko.transport: Local version/idstring: SSH-2.0-paramiko_3.4.0
DEB [20240209-22:10:36.591] thr=1   paramiko.transport: Remote version/idstring: SSH-1.99-Cisco-1.25
INF [20240209-22:10:36.591] thr=1   paramiko.transport: Connected (version 1.99, client Cisco-1.25)
DEB [20240209-22:10:36.599] thr=1   paramiko.transport: === Key exchange possibilities ===
DEB [20240209-22:10:36.600] thr=1   paramiko.transport: kex algos: diffie-hellman-group-exchange-sha1, diffie-hellman-group14-sha1, diffie-hellman-group1-sha1
DEB [20240209-22:10:36.600] thr=1   paramiko.transport: server key: ssh-rsa
DEB [20240209-22:10:36.600] thr=1   paramiko.transport: client encrypt: aes128-ctr, aes192-ctr, aes256-ctr, aes128-cbc, 3des-cbc, aes192-cbc, aes256-cbc
DEB [20240209-22:10:36.600] thr=1   paramiko.transport: server encrypt: aes128-ctr, aes192-ctr, aes256-ctr, aes128-cbc, 3des-cbc, aes192-cbc, aes256-cbc
DEB [20240209-22:10:36.600] thr=1   paramiko.transport: client mac: hmac-sha1, hmac-sha1-96
DEB [20240209-22:10:36.600] thr=1   paramiko.transport: server mac: hmac-sha1, hmac-sha1-96
DEB [20240209-22:10:36.600] thr=1   paramiko.transport: client compress: none
DEB [20240209-22:10:36.600] thr=1   paramiko.transport: server compress: none
DEB [20240209-22:10:36.600] thr=1   paramiko.transport: client lang: <none>
DEB [20240209-22:10:36.600] thr=1   paramiko.transport: server lang: <none>
DEB [20240209-22:10:36.600] thr=1   paramiko.transport: kex follows: False
DEB [20240209-22:10:36.600] thr=1   paramiko.transport: === Key exchange agreements ===
DEB [20240209-22:10:36.601] thr=1   paramiko.transport: Kex: diffie-hellman-group-exchange-sha1
DEB [20240209-22:10:36.601] thr=1   paramiko.transport: HostKey: ssh-rsa
DEB [20240209-22:10:36.601] thr=1   paramiko.transport: Cipher: aes128-ctr
DEB [20240209-22:10:36.601] thr=1   paramiko.transport: MAC: hmac-sha1
DEB [20240209-22:10:36.601] thr=1   paramiko.transport: Compression: none
DEB [20240209-22:10:36.601] thr=1   paramiko.transport: === End of kex handshake ===
DEB [20240209-22:10:36.617] thr=1   paramiko.transport: Got server p (2048 bits)
DEB [20240209-22:10:36.983] thr=1   paramiko.transport: kex engine KexGex specified hash_algo <built-in function openssl_sha1>
DEB [20240209-22:10:36.984] thr=1   paramiko.transport: Switch to new keys ...
DEB [20240209-22:10:36.984] thr=2   paramiko.transport: Adding ssh-rsa host key for 172.16.20.154: b'dad419b7386aef0197365f99d03360a9'
DEB [20240209-22:10:37.219] thr=1   paramiko.transport: userauth is OK
INF [20240209-22:10:37.230] thr=1   paramiko.transport: Authentication (password) successful!
DEB [20240209-22:10:37.231] thr=2   paramiko.transport: [chan 0] Max packet in: 32768 bytes
DEB [20240209-22:10:37.247] thr=1   paramiko.transport: [chan 0] Max packet out: 4096 bytes
DEB [20240209-22:10:37.248] thr=1   paramiko.transport: Secsh channel 0 opened.
DEB [20240209-22:10:37.381] thr=1   paramiko.transport: [chan 0] Sesch channel 0 request ok
DEB [20240209-22:10:37.390] thr=1   paramiko.transport: [chan 0] Sesch channel 0 request ok
DEB [20240209-22:12:37.708] thr=1   paramiko.transport: starting thread (client mode): 0x107ec610
DEB [20240209-22:12:37.708] thr=1   paramiko.transport: Local version/idstring: SSH-2.0-paramiko_3.4.0
DEB [20240209-22:12:37.712] thr=1   paramiko.transport: Remote version/idstring: SSH-1.99-Cisco-1.25
INF [20240209-22:12:37.712] thr=1   paramiko.transport: Connected (version 1.99, client Cisco-1.25)
DEB [20240209-22:12:37.714] thr=1   paramiko.transport: === Key exchange possibilities ===
DEB [20240209-22:12:37.714] thr=1   paramiko.transport: kex algos: diffie-hellman-group-exchange-sha1, diffie-hellman-group14-sha1, diffie-hellman-group1-sha1
DEB [20240209-22:12:37.714] thr=1   paramiko.transport: server key: ssh-rsa
DEB [20240209-22:12:37.714] thr=1   paramiko.transport: client encrypt: aes128-ctr, aes192-ctr, aes256-ctr, aes128-cbc, 3des-cbc, aes192-cbc, aes256-cbc
DEB [20240209-22:12:37.714] thr=1   paramiko.transport: server encrypt: aes128-ctr, aes192-ctr, aes256-ctr, aes128-cbc, 3des-cbc, aes192-cbc, aes256-cbc
DEB [20240209-22:12:37.715] thr=1   paramiko.transport: client mac: hmac-sha1, hmac-sha1-96
DEB [20240209-22:12:37.715] thr=1   paramiko.transport: server mac: hmac-sha1, hmac-sha1-96
DEB [20240209-22:12:37.715] thr=1   paramiko.transport: client compress: none
DEB [20240209-22:12:37.715] thr=1   paramiko.transport: server compress: none
DEB [20240209-22:12:37.715] thr=1   paramiko.transport: client lang: <none>
DEB [20240209-22:12:37.715] thr=1   paramiko.transport: server lang: <none>
DEB [20240209-22:12:37.715] thr=1   paramiko.transport: kex follows: False
DEB [20240209-22:12:37.715] thr=1   paramiko.transport: === Key exchange agreements ===
DEB [20240209-22:12:37.715] thr=1   paramiko.transport: Kex: diffie-hellman-group-exchange-sha1
DEB [20240209-22:12:37.715] thr=1   paramiko.transport: HostKey: ssh-rsa
DEB [20240209-22:12:37.715] thr=1   paramiko.transport: Cipher: aes128-ctr
DEB [20240209-22:12:37.715] thr=1   paramiko.transport: MAC: hmac-sha1
DEB [20240209-22:12:37.715] thr=1   paramiko.transport: Compression: none
DEB [20240209-22:12:37.715] thr=1   paramiko.transport: === End of kex handshake ===
DEB [20240209-22:12:37.985] thr=1   paramiko.transport: Got server p (2048 bits)
DEB [20240209-22:12:38.430] thr=1   paramiko.transport: kex engine KexGex specified hash_algo <built-in function openssl_sha1>
DEB [20240209-22:12:38.430] thr=1   paramiko.transport: Switch to new keys ...
DEB [20240209-22:12:38.431] thr=2   paramiko.transport: Adding ssh-rsa host key for 172.16.20.154: b'dad419b7386aef0197365f99d03360a9'
DEB [20240209-22:12:38.709] thr=1   paramiko.transport: userauth is OK
INF [20240209-22:12:38.720] thr=1   paramiko.transport: Authentication (password) successful!
DEB [20240209-22:12:38.721] thr=2   paramiko.transport: [chan 0] Max packet in: 32768 bytes
DEB [20240209-22:12:38.727] thr=1   paramiko.transport: [chan 0] Max packet out: 4096 bytes
DEB [20240209-22:12:38.727] thr=1   paramiko.transport: Secsh channel 0 opened.
DEB [20240209-22:12:38.733] thr=1   paramiko.transport: [chan 0] Sesch channel 0 request ok
DEB [20240209-22:12:38.747] thr=1   paramiko.transport: [chan 0] Sesch channel 0 request ok
DEB [20240209-22:14:25.715] thr=1   paramiko.transport: starting thread (client mode): 0x3681880
DEB [20240209-22:14:25.716] thr=1   paramiko.transport: Local version/idstring: SSH-2.0-paramiko_3.4.0
DEB [20240209-22:14:25.722] thr=1   paramiko.transport: Remote version/idstring: SSH-1.99-Cisco-1.25
INF [20240209-22:14:25.722] thr=1   paramiko.transport: Connected (version 1.99, client Cisco-1.25)
DEB [20240209-22:14:25.729] thr=1   paramiko.transport: === Key exchange possibilities ===
DEB [20240209-22:14:25.729] thr=1   paramiko.transport: kex algos: diffie-hellman-group-exchange-sha1, diffie-hellman-group14-sha1, diffie-hellman-group1-sha1
DEB [20240209-22:14:25.729] thr=1   paramiko.transport: server key: ssh-rsa
DEB [20240209-22:14:25.729] thr=1   paramiko.transport: client encrypt: aes128-ctr, aes192-ctr, aes256-ctr, aes128-cbc, 3des-cbc, aes192-cbc, aes256-cbc
DEB [20240209-22:14:25.730] thr=1   paramiko.transport: server encrypt: aes128-ctr, aes192-ctr, aes256-ctr, aes128-cbc, 3des-cbc, aes192-cbc, aes256-cbc
DEB [20240209-22:14:25.730] thr=1   paramiko.transport: client mac: hmac-sha1, hmac-sha1-96
DEB [20240209-22:14:25.730] thr=1   paramiko.transport: server mac: hmac-sha1, hmac-sha1-96
DEB [20240209-22:14:25.730] thr=1   paramiko.transport: client compress: none
DEB [20240209-22:14:25.730] thr=1   paramiko.transport: server compress: none
DEB [20240209-22:14:25.730] thr=1   paramiko.transport: client lang: <none>
DEB [20240209-22:14:25.730] thr=1   paramiko.transport: server lang: <none>
DEB [20240209-22:14:25.730] thr=1   paramiko.transport: kex follows: False
DEB [20240209-22:14:25.730] thr=1   paramiko.transport: === Key exchange agreements ===
DEB [20240209-22:14:25.730] thr=1   paramiko.transport: Kex: diffie-hellman-group-exchange-sha1
DEB [20240209-22:14:25.730] thr=1   paramiko.transport: HostKey: ssh-rsa
DEB [20240209-22:14:25.730] thr=1   paramiko.transport: Cipher: aes128-ctr
DEB [20240209-22:14:25.730] thr=1   paramiko.transport: MAC: hmac-sha1
DEB [20240209-22:14:25.730] thr=1   paramiko.transport: Compression: none
DEB [20240209-22:14:25.730] thr=1   paramiko.transport: === End of kex handshake ===
DEB [20240209-22:14:25.736] thr=1   paramiko.transport: Got server p (2048 bits)
DEB [20240209-22:14:26.152] thr=1   paramiko.transport: kex engine KexGex specified hash_algo <built-in function openssl_sha1>
DEB [20240209-22:14:26.152] thr=1   paramiko.transport: Switch to new keys ...
DEB [20240209-22:14:26.154] thr=2   paramiko.transport: Adding ssh-rsa host key for 172.16.20.154: b'dad419b7386aef0197365f99d03360a9'
DEB [20240209-22:14:26.435] thr=1   paramiko.transport: userauth is OK
INF [20240209-22:14:26.445] thr=1   paramiko.transport: Authentication (password) successful!
DEB [20240209-22:14:26.445] thr=2   paramiko.transport: [chan 0] Max packet in: 32768 bytes
DEB [20240209-22:14:26.451] thr=1   paramiko.transport: [chan 0] Max packet out: 4096 bytes
DEB [20240209-22:14:26.451] thr=1   paramiko.transport: Secsh channel 0 opened.
DEB [20240209-22:14:26.460] thr=1   paramiko.transport: [chan 0] Sesch channel 0 request ok
DEB [20240209-22:14:26.474] thr=1   paramiko.transport: [chan 0] Sesch channel 0 request ok
DEB [20240209-22:17:26.292] thr=1   paramiko.transport: starting thread (client mode): 0xeb80880
DEB [20240209-22:17:26.293] thr=1   paramiko.transport: Local version/idstring: SSH-2.0-paramiko_3.4.0
DEB [20240209-22:17:26.298] thr=1   paramiko.transport: Remote version/idstring: SSH-1.99-Cisco-1.25
INF [20240209-22:17:26.298] thr=1   paramiko.transport: Connected (version 1.99, client Cisco-1.25)
DEB [20240209-22:17:26.313] thr=1   paramiko.transport: === Key exchange possibilities ===
DEB [20240209-22:17:26.313] thr=1   paramiko.transport: kex algos: diffie-hellman-group-exchange-sha1, diffie-hellman-group14-sha1, diffie-hellman-group1-sha1
DEB [20240209-22:17:26.313] thr=1   paramiko.transport: server key: ssh-rsa
DEB [20240209-22:17:26.313] thr=1   paramiko.transport: client encrypt: aes128-ctr, aes192-ctr, aes256-ctr, aes128-cbc, 3des-cbc, aes192-cbc, aes256-cbc
DEB [20240209-22:17:26.314] thr=1   paramiko.transport: server encrypt: aes128-ctr, aes192-ctr, aes256-ctr, aes128-cbc, 3des-cbc, aes192-cbc, aes256-cbc
DEB [20240209-22:17:26.314] thr=1   paramiko.transport: client mac: hmac-sha1, hmac-sha1-96
DEB [20240209-22:17:26.314] thr=1   paramiko.transport: server mac: hmac-sha1, hmac-sha1-96
DEB [20240209-22:17:26.314] thr=1   paramiko.transport: client compress: none
DEB [20240209-22:17:26.314] thr=1   paramiko.transport: server compress: none
DEB [20240209-22:17:26.314] thr=1   paramiko.transport: client lang: <none>
DEB [20240209-22:17:26.314] thr=1   paramiko.transport: server lang: <none>
DEB [20240209-22:17:26.314] thr=1   paramiko.transport: kex follows: False
DEB [20240209-22:17:26.314] thr=1   paramiko.transport: === Key exchange agreements ===
DEB [20240209-22:17:26.314] thr=1   paramiko.transport: Kex: diffie-hellman-group-exchange-sha1
DEB [20240209-22:17:26.314] thr=1   paramiko.transport: HostKey: ssh-rsa
DEB [20240209-22:17:26.314] thr=1   paramiko.transport: Cipher: aes128-ctr
DEB [20240209-22:17:26.314] thr=1   paramiko.transport: MAC: hmac-sha1
DEB [20240209-22:17:26.314] thr=1   paramiko.transport: Compression: none
DEB [20240209-22:17:26.314] thr=1   paramiko.transport: === End of kex handshake ===
DEB [20240209-22:17:26.321] thr=1   paramiko.transport: Got server p (2048 bits)
DEB [20240209-22:17:26.630] thr=1   paramiko.transport: kex engine KexGex specified hash_algo <built-in function openssl_sha1>
DEB [20240209-22:17:26.631] thr=1   paramiko.transport: Switch to new keys ...
DEB [20240209-22:17:26.631] thr=2   paramiko.transport: Adding ssh-rsa host key for 172.16.20.154: b'dad419b7386aef0197365f99d03360a9'
DEB [20240209-22:17:26.633] thr=2   paramiko.transport: Trying SSH key b'03247fb8f159feb5b4550f47e9330e1b'
DEB [20240209-22:17:26.916] thr=1   paramiko.transport: userauth is OK
DEB [20240209-22:17:26.916] thr=1   paramiko.transport: Finalizing pubkey algorithm for key of type 'ssh-rsa'
DEB [20240209-22:17:26.916] thr=1   paramiko.transport: Our pubkey algorithm list: ['ssh-rsa']
DEB [20240209-22:17:26.916] thr=1   paramiko.transport: Server did not send a server-sig-algs list; defaulting to our first preferred algo ('ssh-rsa')
DEB [20240209-22:17:26.916] thr=1   paramiko.transport: NOTE: you may use the 'disabled_algorithms' SSHClient/Transport init kwarg to disable that or other algorithms if your server does not support them!
INF [20240209-22:17:26.947] thr=1   paramiko.transport: Authentication (publickey) successful!
DEB [20240209-22:17:26.947] thr=2   paramiko.transport: [chan 0] Max packet in: 32768 bytes
DEB [20240209-22:17:26.954] thr=1   paramiko.transport: [chan 0] Max packet out: 4096 bytes
DEB [20240209-22:17:26.954] thr=1   paramiko.transport: Secsh channel 0 opened.
DEB [20240209-22:17:26.960] thr=1   paramiko.transport: [chan 0] Sesch channel 0 request ok
DEB [20240209-22:17:26.975] thr=1   paramiko.transport: [chan 0] Sesch channel 0 request ok
